TN:
SF:src/core/pricers/ChainlinkPricer.sol
FN:44,ChainlinkPricer.getSpotPrice
FNDA:9,ChainlinkPricer.getSpotPrice
DA:45,9
DA:46,9
DA:47,8
FN:53,ChainlinkPricer.reportExpiryPrice
FNDA:5,ChainlinkPricer.reportExpiryPrice
DA:60,5
DA:61,2
DA:62,1
DA:64,1
FN:70,ChainlinkPricer.setAggregator
FNDA:3,ChainlinkPricer.setAggregator
DA:76,3
DA:77,3
FN:88,ChainlinkPricer._toPriceWithUnitDecimals
FNDA:9,ChainlinkPricer._toPriceWithUnitDecimals
DA:94,9
BRDA:94,0,0,-
DA:96,9
BRDA:94,0,1,-
DA:99,0
DA:100,0
BRDA:100,1,0,-
BRDA:100,1,1,-
DA:101,0
FN:105,ChainlinkPricer._getSpotPriceFromAggregator
FNDA:18,ChainlinkPricer._getSpotPriceFromAggregator
DA:106,18
DA:107,18
BRDA:107,2,0,-
BRDA:107,2,1,18
DA:110,18
DA:112,18
BRDA:112,3,0,1
BRDA:112,3,1,17
DA:114,17
FN:123,ChainlinkPricer._getLastPriceBeforeExpiry
FNDA:7,ChainlinkPricer._getLastPriceBeforeExpiry
DA:128,7
DA:129,7
BRDA:129,4,0,-
BRDA:129,4,1,7
DA:132,7
DA:135,7
BRDA:135,5,0,2
BRDA:135,5,1,4
DA:138,4
BRDA:138,6,0,1
DA:139,3
DA:140,3
BRDA:140,7,0,1
BRDA:140,7,1,2
BRDA:138,6,1,2
DA:143,3
FNF:6
FNH:6
LF:27
LH:24
BRF:16
BRH:10
end_of_record
TN:
SF:src/core/Oracle.sol
FN:42,Oracle.getSpotPrice
FNDA:8,Oracle.getSpotPrice
DA:43,8
FN:63,Oracle.getPriceAtExpiry
FNDA:2,Oracle.getPriceAtExpiry
DA:68,2
DA:69,2
BRDA:69,0,0,-
BRDA:69,0,1,2
DA:71,2
FN:83,Oracle.reportExpiryPrice
FNDA:4,Oracle.reportExpiryPrice
DA:89,4
BRDA:89,1,0,1
DA:90,1
BRDA:89,1,1,3
DA:93,3
BRDA:93,2,0,1
BRDA:93,2,1,2
DA:96,2
FN:102,Oracle.getVolIndex
FNDA:0,Oracle.getVolIndex
DA:103,0
FNF:4
FNH:3
LF:9
LH:8
BRF:6
BRH:5
end_of_record
TN:
SF:src/core/SimpleMargin/MarginAccount.sol
FN:65,MarginAccount.getMinCollateral
FNDA:0,MarginAccount.getMinCollateral
DA:66,0
DA:67,0
DA:69,0
FN:76,MarginAccount.execute
FNDA:55,MarginAccount.execute
DA:77,55
DA:78,53
DA:81,53
DA:82,78
BRDA:82,0,0,16
BRDA:82,0,1,15
DA:83,51
BRDA:83,1,0,16
BRDA:83,1,1,15
DA:84,48
BRDA:84,2,0,16
BRDA:84,2,1,15
DA:85,30
BRDA:85,3,0,16
BRDA:85,3,1,15
DA:86,25
BRDA:86,4,0,16
BRDA:86,4,1,15
DA:87,22
BRDA:87,5,0,16
BRDA:87,5,1,15
DA:88,16
BRDA:88,6,0,16
BRDA:88,6,1,15
DA:92,71
DA:95,46
DA:96,41
FN:105,MarginAccount.liquidate
FNDA:16,MarginAccount.liquidate
DA:110,16
DA:111,16
BRDA:111,7,0,3
BRDA:111,7,1,13
DA:113,13
DA:114,13
DA:118,13
DA:119,13
BRDA:119,8,0,1
DA:122,6
DA:123,6
DA:124,6
BRDA:124,9,0,4
BRDA:124,9,1,2
DA:125,2
BRDA:119,8,1,2
DA:126,1
BRDA:126,10,0,1
DA:128,4
BRDA:128,11,0,1
BRDA:128,11,1,3
DA:129,3
BRDA:126,10,1,2
DA:133,3
BRDA:133,12,0,1
BRDA:133,12,1,2
DA:134,2
DA:138,1
BRDA:138,13,0,1
DA:140,5
DA:142,4
BRDA:138,13,1,4
DA:144,0
BRDA:144,14,0,-
DA:146,4
DA:149,4
BRDA:144,14,1,4
DA:153,6
DA:154,6
DA:156,6
DA:159,6
DA:162,6
FN:174,MarginAccount.takeoverPosition
FNDA:4,MarginAccount.takeoverPosition
DA:179,4
DA:180,4
BRDA:180,15,0,1
BRDA:180,15,1,3
DA:183,3
DA:186,3
DA:188,3
DA:191,1
DA:193,1
BRDA:193,16,0,-
BRDA:193,16,1,1
DA:194,1
DA:197,1
DA:198,1
FN:207,MarginAccount.topUp
FNDA:2,MarginAccount.topUp
DA:208,2
DA:210,2
DA:212,2
DA:214,2
FN:227,MarginAccount.transferAccount
FNDA:2,MarginAccount.transferAccount
DA:228,2
DA:230,2
BRDA:230,17,0,1
BRDA:230,17,1,1
DA:231,1
DA:233,1
FN:243,MarginAccount.setAccountAccess
FNDA:3,MarginAccount.setAccountAccess
DA:244,3
FN:257,MarginAccount.setProductMarginConfig
FNDA:0,MarginAccount.setProductMarginConfig
DA:265,0
FN:291,MarginAccount._addCollateral
FNDA:27,MarginAccount._addCollateral
DA:297,27
DA:300,27
DA:302,26
DA:305,26
BRDA:305,18,0,-
BRDA:305,18,1,26
DA:306,26
FN:314,MarginAccount._removeCollateral
FNDA:3,MarginAccount._removeCollateral
DA:318,3
DA:319,3
DA:322,3
DA:325,3
FN:333,MarginAccount._mintOption
FNDA:18,MarginAccount._mintOption
DA:335,18
DA:338,18
DA:341,16
FN:351,MarginAccount._burnOption
FNDA:5,MarginAccount._burnOption
DA:357,5
DA:360,5
DA:363,4
BRDA:363,19,0,1
BRDA:363,19,1,3
DA:364,3
FN:374,MarginAccount._merge
FNDA:3,MarginAccount._merge
DA:380,3
DA:383,3
DA:386,3
BRDA:386,20,0,-
BRDA:386,20,1,3
DA:388,3
FN:396,MarginAccount._split
FNDA:6,MarginAccount._split
DA:398,6
DA:401,6
DA:403,6
FN:411,MarginAccount._settle
FNDA:16,MarginAccount._settle
DA:413,16
DA:417,15
FN:427,MarginAccount._isPrimaryAccountFor
FNDA:61,MarginAccount._isPrimaryAccountFor
DA:428,61
FN:434,MarginAccount._assertCallerHasAccess
FNDA:60,MarginAccount._assertCallerHasAccess
DA:435,60
BRDA:435,21,0,4
BRDA:435,21,1,58
DA:438,4
DA:439,4
BRDA:439,22,0,2
BRDA:439,22,1,2
FN:445,MarginAccount._assertAccountHealth
FNDA:49,MarginAccount._assertAccountHealth
DA:446,49
BRDA:446,23,0,7
BRDA:446,23,1,42
FN:454,MarginAccount._isAccountHealthy
FNDA:69,MarginAccount._isAccountHealthy
DA:455,69
DA:456,69
DA:457,69
FN:465,MarginAccount._getMinCollateral
FNDA:69,MarginAccount._getMinCollateral
DA:466,69
DA:470,69
DA:471,69
BRDA:471,24,0,-
BRDA:471,24,1,46
DA:474,69
DA:475,69
BRDA:475,25,0,-
BRDA:475,25,1,-
DA:476,46
BRDA:476,26,0,-
DA:477,0
BRDA:476,26,1,-
DA:480,69
DA:487,69
FN:495,MarginAccount._getPayoutFromAccount
FNDA:16,MarginAccount._getPayoutFromAccount
DA:496,16
DA:497,16
BRDA:497,27,0,9
DA:498,9
BRDA:497,27,1,15
DA:499,15
BRDA:499,28,0,7
BRDA:499,28,1,15
DA:500,15
FN:506,MarginAccount._getAccountDetail
FNDA:69,MarginAccount._getAccountDetail
DA:507,69
DA:520,69
BRDA:520,29,0,36
DA:521,36
DA:523,36
DA:524,36
BRDA:520,29,1,69
DA:528,69
BRDA:528,30,0,19
DA:529,19
DA:532,19
DA:533,19
BRDA:528,30,1,69
DA:538,69
DA:540,69
DA:541,69
DA:542,69
FN:548,MarginAccount._getProductAssets
FNDA:69,MarginAccount._getProductAssets
DA:549,69
DA:552,69
DA:553,69
DA:554,69
DA:555,69
FNF:23
FNH:21
LF:127
LH:121
BRF:62
BRH:53
end_of_record
TN:
SF:src/test/mocks/MockPricer.sol
FN:13,MockPricer.setOracle
FNDA:0,MockPricer.setOracle
DA:14,0
FN:17,MockPricer.getSpotPrice
FNDA:3,MockPricer.getSpotPrice
DA:21,1
BRDA:21,0,0,1
BRDA:21,0,1,2
DA:22,2
FN:25,MockPricer.setPrice
FNDA:0,MockPricer.setPrice
DA:26,0
FN:29,MockPricer.setSpotRevert
FNDA:1,MockPricer.setSpotRevert
DA:30,1
FN:33,MockPricer.mockSetExpiryPrice
FNDA:3,MockPricer.mockSetExpiryPrice
DA:39,3
FNF:5
FNH:3
LF:6
LH:4
BRF:2
BRH:2
end_of_record
TN:
SF:src/core/Settlement.sol
FN:56,Settlement.getOptionPayout
FNDA:0,Settlement.getOptionPayout
DA:57,0
DA:60,0
BRDA:60,0,0,-
BRDA:60,0,1,-
DA:62,0
DA:67,0
DA:70,0
DA:72,0
BRDA:72,1,0,-
DA:73,0
BRDA:72,1,1,-
DA:74,0
BRDA:74,2,0,-
DA:75,0
BRDA:74,2,1,-
DA:76,0
BRDA:76,3,0,-
DA:77,0
BRDA:76,3,1,-
DA:78,0
BRDA:78,4,0,-
DA:79,0
BRDA:78,4,1,-
DA:83,0
DA:86,0
BRDA:86,5,0,-
DA:88,0
BRDA:86,5,1,-
DA:89,0
BRDA:89,6,0,-
DA:91,0
DA:92,0
BRDA:89,6,1,-
DA:95,0
FN:105,Settlement.settleOption
FNDA:0,Settlement.settleOption
DA:110,0
DA:112,0
DA:114,0
FN:125,Settlement.batchSettleOptions
FNDA:0,Settlement.batchSettleOptions
DA:131,0
BRDA:131,7,0,-
BRDA:131,7,1,-
DA:133,0
DA:135,0
DA:136,0
DA:138,0
BRDA:138,8,0,-
BRDA:138,8,1,-
DA:139,0
DA:142,0
DA:146,0
DA:148,0
FN:160,Settlement._convertDecimals
FNDA:0,Settlement._convertDecimals
DA:165,0
BRDA:165,9,0,-
BRDA:165,9,1,-
DA:167,0
BRDA:167,10,0,-
DA:168,0
DA:170,0
DA:172,0
BRDA:167,10,1,-
DA:174,0
DA:176,0
DA:178,0
FNF:4
FNH:0
LF:40
LH:0
BRF:22
BRH:0
end_of_record
TN:
SF:src/core/AssetRegistry.sol
FN:35,AssetRegistry.getAssetsFromProductId
FNDA:0,AssetRegistry.getAssetsFromProductId
DA:45,0
DA:46,0
DA:47,0
FN:62,AssetRegistry.getProductId
FNDA:0,AssetRegistry.getProductId
DA:67,0
FN:74,AssetRegistry.registerAsset
FNDA:0,AssetRegistry.registerAsset
DA:75,0
BRDA:75,0,0,-
BRDA:75,0,1,-
DA:77,0
DA:79,0
DA:80,0
DA:81,0
DA:83,0
FNF:3
FNH:0
LF:10
LH:0
BRF:2
BRH:0
end_of_record
TN:
SF:src/test/mocks/MockERC20.sol
FN:15,MockERC20.mint
FNDA:7,MockERC20.mint
DA:16,7
FNF:1
FNH:1
LF:1
LH:1
BRF:0
BRH:0
end_of_record
TN:
SF:src/core/OptionToken.sol
FN:34,OptionToken.uri
FNDA:0,OptionToken.uri
DA:37,0
FN:46,OptionToken.mint
FNDA:26,OptionToken.mint
DA:51,26
DA:52,26
FN:61,OptionToken.burn
FNDA:32,OptionToken.burn
DA:66,32
DA:67,32
FN:76,OptionToken.batchBurn
FNDA:3,OptionToken.batchBurn
DA:81,3
DA:82,3
FN:88,OptionToken._checkAccess
FNDA:61,OptionToken._checkAccess
DA:89,61
BRDA:89,0,0,-
BRDA:89,0,1,61
FNF:5
FNH:4
LF:8
LH:7
BRF:2
BRH:1
end_of_record
TN:
SF:script/utils.sol
FN:9,Create2Deployer.deploy
FNDA:0,Create2Deployer.deploy
DA:15,0
FNF:1
FNH:0
LF:1
LH:0
BRF:0
BRH:0
end_of_record
TN:
SF:src/test/utils/Utilities.sol
FN:9,Utilities.toString
FNDA:0,Utilities.toString
DA:10,0
FN:13,Utilities.toString
FNDA:0,Utilities.toString
DA:14,0
FN:17,Utilities.toString
FNDA:0,Utilities.toString
DA:18,0
DA:20,0
DA:21,0
DA:22,0
DA:23,0
DA:24,0
DA:25,0
DA:27,0
FN:31,Utilities.predictAddress
FNDA:0,Utilities.predictAddress
DA:32,0
BRDA:32,0,0,-
DA:33,0
BRDA:32,0,1,-
DA:37,0
BRDA:37,1,0,-
DA:38,0
BRDA:37,1,1,-
DA:42,0
BRDA:42,2,0,-
DA:43,0
BRDA:42,2,1,-
DA:53,0
BRDA:53,3,0,-
DA:54,0
BRDA:53,3,1,-
DA:64,0
BRDA:64,4,0,-
DA:65,0
BRDA:64,4,1,-
DA:75,0
FNF:4
FNH:0
LF:21
LH:0
BRF:10
BRH:0
end_of_record
TN:
SF:src/test/gas-testers/MarginAccountGasTester.sol
FN:16,MarginAccountGasTester.addCollateral
FNDA:1,MarginAccountGasTester.addCollateral
DA:17,1
DA:19,1
DA:21,1
DA:22,1
FN:25,MarginAccountGasTester.removeCollateral
FNDA:2,MarginAccountGasTester.removeCollateral
DA:26,2
DA:28,2
DA:30,2
DA:31,2
FN:34,MarginAccountGasTester.mintOption
FNDA:3,MarginAccountGasTester.mintOption
DA:35,3
DA:37,3
DA:39,3
DA:40,3
FN:43,MarginAccountGasTester.burnOption
FNDA:2,MarginAccountGasTester.burnOption
DA:44,2
DA:46,2
DA:48,2
DA:49,2
FN:52,MarginAccountGasTester.merge
FNDA:1,MarginAccountGasTester.merge
DA:53,1
DA:55,1
DA:57,1
DA:58,1
FN:61,MarginAccountGasTester.split
FNDA:1,MarginAccountGasTester.split
DA:62,1
DA:64,1
DA:66,1
DA:67,1
FNF:6
FNH:6
LF:24
LH:24
BRF:0
BRH:0
end_of_record
TN:
SF:src/test/mocks/MockChainlinkAggregator.sol
FN:32,MockChainlinkAggregator.decimals
FNDA:3,MockChainlinkAggregator.decimals
DA:33,3
FN:36,MockChainlinkAggregator.description
FNDA:0,MockChainlinkAggregator.description
DA:37,0
FN:40,MockChainlinkAggregator.version
FNDA:0,MockChainlinkAggregator.version
DA:41,0
FN:44,MockChainlinkAggregator.getRoundData
FNDA:10,MockChainlinkAggregator.getRoundData
DA:55,10
DA:56,10
FN:59,MockChainlinkAggregator.latestRoundData
FNDA:18,MockChainlinkAggregator.latestRoundData
DA:70,18
FN:73,MockChainlinkAggregator.setMockState
FNDA:1,MockChainlinkAggregator.setMockState
DA:79,1
FN:82,MockChainlinkAggregator.setMockRound
FNDA:5,MockChainlinkAggregator.setMockRound
DA:88,5
FNF:7
FNH:5
LF:8
LH:6
BRF:0
BRH:0
end_of_record
TN:
SF:src/test/shared/ActionHelper.sol
FN:14,ActionHelper.getTokenId
FNDA:0,ActionHelper.getTokenId
DA:21,0
FN:30,ActionHelper.parseTokenId
FNDA:0,ActionHelper.parseTokenId
DA:41,0
FN:44,ActionHelper.createAddCollateralAction
FNDA:0,ActionHelper.createAddCollateralAction
DA:49,0
FN:52,ActionHelper.createRemoveCollateralAction
FNDA:0,ActionHelper.createRemoveCollateralAction
DA:57,0
FN:60,ActionHelper.createMintAction
FNDA:0,ActionHelper.createMintAction
DA:65,0
FN:68,ActionHelper.createBurnAction
FNDA:0,ActionHelper.createBurnAction
DA:73,0
FN:76,ActionHelper.createMergeAction
FNDA:0,ActionHelper.createMergeAction
DA:77,0
FN:80,ActionHelper.createSplitAction
FNDA:0,ActionHelper.createSplitAction
DA:85,0
FN:88,ActionHelper.createSettleAction
FNDA:0,ActionHelper.createSettleAction
DA:89,0
FNF:9
FNH:0
LF:9
LH:0
BRF:0
BRH:0
end_of_record
TN:
SF:src/test/mocks/MockOracle.sol
FN:11,MockOracle.getSpotPrice
FNDA:46,MockOracle.getSpotPrice
DA:15,46
FN:18,MockOracle.getPriceAtExpiry
FNDA:39,MockOracle.getPriceAtExpiry
DA:23,39
FN:26,MockOracle.getVolIndex
FNDA:0,MockOracle.getVolIndex
DA:27,0
FN:30,MockOracle.setSpotPrice
FNDA:15,MockOracle.setSpotPrice
DA:31,15
FN:34,MockOracle.setExpiryPrice
FNDA:33,MockOracle.setExpiryPrice
DA:35,33
FN:38,MockOracle.setVol
FNDA:0,MockOracle.setVol
DA:39,0
FN:42,MockOracle.reportExpiryPrice
FNDA:1,MockOracle.reportExpiryPrice
DA:48,1
FNF:7
FNH:5
LF:7
LH:5
BRF:0
BRH:0
end_of_record
TN:
SF:script/Deploy.sol
FN:21,Deploy.run
FNDA:0,Deploy.run
DA:22,0
DA:24,0
DA:26,0
FN:30,Deploy.deploy
FNDA:0,Deploy.deploy
DA:38,0
DA:39,0
DA:41,0
DA:43,0
DA:46,0
DA:47,0
DA:48,0
DA:49,0
DA:50,0
DA:51,0
DA:54,0
DA:55,0
DA:57,0
DA:58,0
DA:59,0
DA:60,0
DA:63,0
DA:64,0
DA:66,0
DA:67,0
FN:70,Deploy.deployWithLeadingZeros
FNDA:0,Deploy.deployWithLeadingZeros
DA:80,0
DA:82,0
DA:83,0
DA:84,0
DA:86,0
DA:87,0
DA:88,0
DA:90,0
DA:91,0
DA:93,0
DA:94,0
DA:96,0
FNF:3
FNH:0
LF:35
LH:0
BRF:0
BRH:0
end_of_record
